# JRE version: Java(TM) SE Runtime Environment (8.0_20-b26) (build 1.8.0_20-b26)
# Java VM: Java HotSpot(TM) 64-Bit Server VM (25.20-b23 mixed mode windows-amd64 compressed oops)
Heap:
 PSYoungGen      total 283648K, used 222569K [0x00000000eab00000, 0x0000000100000000, 0x0000000100000000)
  eden space 264704K, 81% used [0x00000000eab00000,0x00000000f7e650c8,0x00000000fad80000)
  from space 18944K, 32% used [0x00000000fc680000,0x00000000fcc75460,0x00000000fd900000)
  to   space 25600K, 0% used [0x00000000fad80000,0x00000000fad80000,0x00000000fc680000)
 ParOldGen       total 105472K, used 59310K [0x00000000c0000000, 0x00000000c6700000, 0x00000000eab00000)
  object space 105472K, 56% used [0x00000000c0000000,0x00000000c39eb940,0x00000000c6700000)
 Metaspace       used 52883K, capacity 55458K, committed 55768K, reserved 1097728K
  class space    used 7188K, capacity 8118K, committed 8192K, reserved 1048576K
GC Heap History (10 events):
Event: 16.011 GC heap before
{Heap before GC invocations=18 (full 2):
 PSYoungGen      total 196608K, used 182272K [0x00000000eab00000, 0x00000000fd680000, 0x0000000100000000)
  eden space 182272K, 100% used [0x00000000eab00000,0x00000000f5d00000,0x00000000f5d00000)
  from space 14336K, 0% used [0x00000000f5d00000,0x00000000f5d00000,0x00000000f6b00000)
  to   space 14336K, 0% used [0x00000000fc880000,0x00000000fc880000,0x00000000fd680000)
 ParOldGen       total 59392K, used 23812K [0x00000000c0000000, 0x00000000c3a00000, 0x00000000eab00000)
  object space 59392K, 40% used [0x00000000c0000000,0x00000000c1741378,0x00000000c3a00000)
 Metaspace       used 40768K, capacity 42364K, committed 42712K, reserved 1085440K
  class space    used 5505K, capacity 6047K, committed 6144K, reserved 1048576K
Event: 16.539 GC heap after
Heap after GC invocations=18 (full 2):
 PSYoungGen      total 285696K, used 14320K [0x00000000eab00000, 0x00000000fda00000, 0x0000000100000000)
  eden space 271360K, 0% used [0x00000000eab00000,0x00000000eab00000,0x00000000fb400000)
  from space 14336K, 99% used [0x00000000fc880000,0x00000000fd67c010,0x00000000fd680000)
  to   space 19456K, 0% used [0x00000000fb400000,0x00000000fb400000,0x00000000fc700000)
 ParOldGen       total 59392K, used 30768K [0x00000000c0000000, 0x00000000c3a00000, 0x00000000eab00000)
  object space 59392K, 51% used [0x00000000c0000000,0x00000000c1e0c0f8,0x00000000c3a00000)
 Metaspace       used 40768K, capacity 42364K, committed 42712K, reserved 1085440K
  class space    used 5505K, capacity 6047K, committed 6144K, reserved 1048576K
}
Event: 17.171 GC heap before
{Heap before GC invocations=19 (full 2):
 PSYoungGen      total 285696K, used 47954K [0x00000000eab00000, 0x00000000fda00000, 0x0000000100000000)
  eden space 271360K, 12% used [0x00000000eab00000,0x00000000ecbd88d8,0x00000000fb400000)
  from space 14336K, 99% used [0x00000000fc880000,0x00000000fd67c010,0x00000000fd680000)
  to   space 19456K, 0% used [0x00000000fb400000,0x00000000fb400000,0x00000000fc700000)
 ParOldGen       total 59392K, used 30768K [0x00000000c0000000, 0x00000000c3a00000, 0x00000000eab00000)
  object space 59392K, 51% used [0x00000000c0000000,0x00000000c1e0c0f8,0x00000000c3a00000)
 Metaspace       used 42073K, capacity 44000K, committed 44376K, reserved 1087488K
  class space    used 5701K, capacity 6404K, committed 6528K, reserved 1048576K
Event: 17.255 GC heap after
Heap after GC invocations=19 (full 2):
 PSYoungGen      total 273920K, used 2391K [0x00000000eab00000, 0x00000000fd900000, 0x0000000100000000)
  eden space 271360K, 0% used [0x00000000eab00000,0x00000000eab00000,0x00000000fb400000)
  from space 2560K, 93% used [0x00000000fb400000,0x00000000fb655f98,0x00000000fb680000)
  to   space 18944K, 0% used [0x00000000fc680000,0x00000000fc680000,0x00000000fd900000)
 ParOldGen       total 59392K, used 45081K [0x00000000c0000000, 0x00000000c3a00000, 0x00000000eab00000)
  object space 59392K, 75% used [0x00000000c0000000,0x00000000c2c066b8,0x00000000c3a00000)
 Metaspace       used 42073K, capacity 44000K, committed 44376K, reserved 1087488K
  class space    used 5701K, capacity 6404K, committed 6528K, reserved 1048576K
}
Event: 17.255 GC heap before
{Heap before GC invocations=20 (full 3):
 PSYoungGen      total 273920K, used 2391K [0x00000000eab00000, 0x00000000fd900000, 0x0000000100000000)
  eden space 271360K, 0% used [0x00000000eab00000,0x00000000eab00000,0x00000000fb400000)
  from space 2560K, 93% used [0x00000000fb400000,0x00000000fb655f98,0x00000000fb680000)
  to   space 18944K, 0% used [0x00000000fc680000,0x00000000fc680000,0x00000000fd900000)
 ParOldGen       total 59392K, used 45081K [0x00000000c0000000, 0x00000000c3a00000, 0x00000000eab00000)
  object space 59392K, 75% used [0x00000000c0000000,0x00000000c2c066b8,0x00000000c3a00000)
 Metaspace       used 42073K, capacity 44000K, committed 44376K, reserved 1087488K
  class space    used 5701K, capacity 6404K, committed 6528K, reserved 1048576K
Event: 17.624 GC heap after
Heap after GC invocations=20 (full 3):
 PSYoungGen      total 273920K, used 0K [0x00000000eab00000, 0x00000000fd900000, 0x0000000100000000)
  eden space 271360K, 0% used [0x00000000eab00000,0x00000000eab00000,0x00000000fb400000)
  from space 2560K, 0% used [0x00000000fb400000,0x00000000fb400000,0x00000000fb680000)
  to   space 18944K, 0% used [0x00000000fc680000,0x00000000fc680000,0x00000000fd900000)
 ParOldGen       total 59392K, used 38992K [0x00000000c0000000, 0x00000000c3a00000, 0x00000000eab00000)
  object space 59392K, 65% used [0x00000000c0000000,0x00000000c26140b0,0x00000000c3a00000)
 Metaspace       used 42006K, capacity 43772K, committed 44376K, reserved 1087488K
  class space    used 5687K, capacity 6336K, committed 6528K, reserved 1048576K
}
Event: 35.196 GC heap before
{Heap before GC invocations=21 (full 3):
 PSYoungGen      total 273920K, used 271360K [0x00000000eab00000, 0x00000000fd900000, 0x0000000100000000)
  eden space 271360K, 100% used [0x00000000eab00000,0x00000000fb400000,0x00000000fb400000)
  from space 2560K, 0% used [0x00000000fb400000,0x00000000fb400000,0x00000000fb680000)
  to   space 18944K, 0% used [0x00000000fc680000,0x00000000fc680000,0x00000000fd900000)
 ParOldGen       total 59392K, used 38992K [0x00000000c0000000, 0x00000000c3a00000, 0x00000000eab00000)
  object space 59392K, 65% used [0x00000000c0000000,0x00000000c26140b0,0x00000000c3a00000)
 Metaspace       used 50524K, capacity 53080K, committed 53208K, reserved 1095680K
  class space    used 6871K, capacity 7813K, committed 7936K, reserved 1048576K
Event: 35.238 GC heap after
Heap after GC invocations=21 (full 3):
 PSYoungGen      total 283648K, used 18913K [0x00000000eab00000, 0x0000000100000000, 0x0000000100000000)
  eden space 264704K, 0% used [0x00000000eab00000,0x00000000eab00000,0x00000000fad80000)
  from space 18944K, 99% used [0x00000000fc680000,0x00000000fd8f8550,0x00000000fd900000)
  to   space 25600K, 0% used [0x00000000fad80000,0x00000000fad80000,0x00000000fc680000)
 ParOldGen       total 59392K, used 48093K [0x00000000c0000000, 0x00000000c3a00000, 0x00000000eab00000)
  object space 59392K, 80% used [0x00000000c0000000,0x00000000c2ef77d8,0x00000000c3a00000)
 Metaspace       used 50524K, capacity 53080K, committed 53208K, reserved 1095680K
  class space    used 6871K, capacity 7813K, committed 7936K, reserved 1048576K
}
Event: 35.238 GC heap before
{Heap before GC invocations=22 (full 4):
 PSYoungGen      total 283648K, used 18913K [0x00000000eab00000, 0x0000000100000000, 0x0000000100000000)
  eden space 264704K, 0% used [0x00000000eab00000,0x00000000eab00000,0x00000000fad80000)
  from space 18944K, 99% used [0x00000000fc680000,0x00000000fd8f8550,0x00000000fd900000)
  to   space 25600K, 0% used [0x00000000fad80000,0x00000000fad80000,0x00000000fc680000)
 ParOldGen       total 59392K, used 48093K [0x00000000c0000000, 0x00000000c3a00000, 0x00000000eab00000)
  object space 59392K, 80% used [0x00000000c0000000,0x00000000c2ef77d8,0x00000000c3a00000)
 Metaspace       used 50524K, capacity 53080K, committed 53208K, reserved 1095680K
  class space    used 6871K, capacity 7813K, committed 7936K, reserved 1048576K
Event: 35.851 GC heap after
Heap after GC invocations=22 (full 4):
 PSYoungGen      total 283648K, used 6101K [0x00000000eab00000, 0x0000000100000000, 0x0000000100000000)
  eden space 264704K, 0% used [0x00000000eab00000,0x00000000eab00000,0x00000000fad80000)
  from space 18944K, 32% used [0x00000000fc680000,0x00000000fcc75460,0x00000000fd900000)
  to   space 25600K, 0% used [0x00000000fad80000,0x00000000fad80000,0x00000000fc680000)
 ParOldGen       total 105472K, used 59310K [0x00000000c0000000, 0x00000000c6700000, 0x00000000eab00000)
  object space 105472K, 56% used [0x00000000c0000000,0x00000000c39eb940,0x00000000c6700000)
 Metaspace       used 50524K, capacity 53080K, committed 53208K, reserved 1095680K
  class space    used 6871K, capacity 7813K, committed 7936K, reserved 1048576K
}

